[17-Sep-2018 03:15:41 UTC] PHP Parse error:  syntax error, unexpected '$Logout' (T_VARIABLE) in /home/ubuntu/workspace/php/main.php on line 29
[17-Sep-2018 03:16:13 UTC] PHP Parse error:  syntax error, unexpected '/' in /home/ubuntu/workspace/php/main.php on line 50
[17-Sep-2018 03:16:39 UTC] PHP Parse error:  syntax error, unexpected '"' in /home/ubuntu/workspace/php/main.php on line 80
[17-Sep-2018 03:17:25 UTC] PHP Parse error:  syntax error, unexpected '/' in /home/ubuntu/workspace/php/main.php on line 85
[17-Sep-2018 03:17:40 UTC] PHP Parse error:  syntax error, unexpected end of file in /home/ubuntu/workspace/php/main.php on line 125
[17-Sep-2018 19:57:18 UTC] PHP Parse error:  syntax error, unexpected '}', expecting ',' or ';' in /home/ubuntu/workspace/php/db_connect.php on line 14
[19-Sep-2018 17:36:44 UTC] PHP Parse error:  syntax error, unexpected '}', expecting ',' or ';' in /home/ubuntu/workspace/php/main.php on line 101
[19-Sep-2018 17:36:44 UTC] PHP Parse error:  syntax error, unexpected '}', expecting ',' or ';' in /home/ubuntu/workspace/php/main.php on line 101
[19-Sep-2018 17:37:39 UTC] PHP Parse error:  syntax error, unexpected '}', expecting ',' or ';' in /home/ubuntu/workspace/php/main.php on line 101
[19-Sep-2018 17:37:39 UTC] PHP Parse error:  syntax error, unexpected '}', expecting ',' or ';' in /home/ubuntu/workspace/php/main.php on line 101
[19-Sep-2018 22:19:45 UTC] PHP Fatal error:  Call to undefined function ldap_connect() in /home/ubuntu/workspace/php/ldap.php on line 10
[19-Sep-2018 22:19:45 UTC] PHP Stack trace:
[19-Sep-2018 22:19:45 UTC] PHP   1. {main}() /home/ubuntu/workspace/php/ldap.php:0
[19-Sep-2018 22:19:47 UTC] PHP Fatal error:  Call to undefined function ldap_connect() in /home/ubuntu/workspace/php/ldap.php on line 10
[19-Sep-2018 22:19:47 UTC] PHP Stack trace:
[19-Sep-2018 22:19:47 UTC] PHP   1. {main}() /home/ubuntu/workspace/php/ldap.php:0
[19-Sep-2018 22:22:01 UTC] PHP Fatal error:  Call to undefined function ldap_connect() in /home/ubuntu/workspace/php/ldap.php on line 10
[19-Sep-2018 22:22:01 UTC] PHP Stack trace:
[19-Sep-2018 22:22:01 UTC] PHP   1. {main}() /home/ubuntu/workspace/php/ldap.php:0
[19-Sep-2018 22:38:39 UTC] PHP Fatal error:  Call to undefined function ldap_connect() in /home/ubuntu/workspace/php/ldap.php on line 10
[19-Sep-2018 22:38:39 UTC] PHP Stack trace:
[19-Sep-2018 22:38:39 UTC] PHP   1. {main}() /home/ubuntu/workspace/php/ldap.php:0
[20-Sep-2018 15:40:49 UTC] PHP Fatal error:  Call to undefined function ldap_connect() in /home/ubuntu/workspace/php/ldap.php on line 10
[20-Sep-2018 15:40:49 UTC] PHP Stack trace:
[20-Sep-2018 15:40:49 UTC] PHP   1. {main}() /home/ubuntu/workspace/php/ldap.php:0
[20-Sep-2018 15:52:42 UTC] PHP Fatal error:  Call to undefined function ldap_connect() in /home/ubuntu/workspace/php/ldap.php on line 10
[20-Sep-2018 15:52:42 UTC] PHP Stack trace:
[20-Sep-2018 15:52:42 UTC] PHP   1. {main}() /home/ubuntu/workspace/php/ldap.php:0
[20-Sep-2018 17:53:33 UTC] PHP Fatal error:  Call to a member function fetchAll() on a non-object in /home/ubuntu/workspace/php/records.php on line 17
[20-Sep-2018 17:53:33 UTC] PHP Stack trace:
[20-Sep-2018 17:53:33 UTC] PHP   1. {main}() /home/ubuntu/workspace/php/records.php:0
[20-Sep-2018 17:53:33 UTC] PHP Fatal error:  Call to a member function fetchAll() on a non-object in /home/ubuntu/workspace/php/records.php on line 17
[20-Sep-2018 17:53:33 UTC] PHP Stack trace:
[20-Sep-2018 17:53:33 UTC] PHP   1. {main}() /home/ubuntu/workspace/php/records.php:0
[20-Sep-2018 17:54:12 UTC] PHP Fatal error:  Call to a member function fetchAll() on a non-object in /home/ubuntu/workspace/php/records.php on line 17
[20-Sep-2018 17:54:12 UTC] PHP Stack trace:
[20-Sep-2018 17:54:12 UTC] PHP   1. {main}() /home/ubuntu/workspace/php/records.php:0
[20-Sep-2018 17:54:12 UTC] PHP Fatal error:  Call to a member function fetchAll() on a non-object in /home/ubuntu/workspace/php/records.php on line 17
[20-Sep-2018 17:54:12 UTC] PHP Stack trace:
[20-Sep-2018 17:54:12 UTC] PHP   1. {main}() /home/ubuntu/workspace/php/records.php:0
[20-Sep-2018 18:17:49 UTC] PHP Warning:  session_destroy(): Trying to destroy uninitialized session in /home/ubuntu/workspace/php/logout.php on line 12
[20-Sep-2018 18:17:50 UTC] PHP Stack trace:
[20-Sep-2018 18:17:50 UTC] PHP   1. {main}() /home/ubuntu/workspace/php/logout.php:0
[20-Sep-2018 18:17:50 UTC] PHP   2. session_destroy() /home/ubuntu/workspace/php/logout.php:12
[20-Sep-2018 18:17:54 UTC] PHP Warning:  session_destroy(): Trying to destroy uninitialized session in /home/ubuntu/workspace/php/logout.php on line 12
[20-Sep-2018 18:17:54 UTC] PHP Stack trace:
[20-Sep-2018 18:17:54 UTC] PHP   1. {main}() /home/ubuntu/workspace/php/logout.php:0
[20-Sep-2018 18:17:54 UTC] PHP   2. session_destroy() /home/ubuntu/workspace/php/logout.php:12
[20-Sep-2018 18:18:17 UTC] PHP Warning:  session_destroy(): Trying to destroy uninitialized session in /home/ubuntu/workspace/php/logout.php on line 12
[20-Sep-2018 18:18:17 UTC] PHP Stack trace:
[20-Sep-2018 18:18:17 UTC] PHP   1. {main}() /home/ubuntu/workspace/php/logout.php:0
[20-Sep-2018 18:18:17 UTC] PHP   2. session_destroy() /home/ubuntu/workspace/php/logout.php:12
[20-Sep-2018 19:37:19 UTC] PHP Fatal error:  Allowed memory size of 134217728 bytes exhausted (tried to allocate 75 bytes) in /home/ubuntu/workspace/php/records.php on line 17
[20-Sep-2018 19:37:19 UTC] PHP Stack trace:
[20-Sep-2018 19:37:19 UTC] PHP   1. {main}() /home/ubuntu/workspace/php/records.php:0
[20-Sep-2018 19:37:19 UTC] PHP   2. PDOStatement->fetchAll() /home/ubuntu/workspace/php/records.php:17
[20-Sep-2018 19:37:19 UTC] PHP Fatal error:  Allowed memory size of 134217728 bytes exhausted (tried to allocate 32 bytes) in /home/ubuntu/workspace/php/records.php on line 17
[20-Sep-2018 19:37:19 UTC] PHP Stack trace:
[20-Sep-2018 19:37:19 UTC] PHP   1. {main}() /home/ubuntu/workspace/php/records.php:0
[20-Sep-2018 19:37:19 UTC] PHP   2. PDOStatement->fetchAll() /home/ubuntu/workspace/php/records.php:17
[21-Sep-2018 20:05:47 UTC] PHP Fatal error:  Function name must be a string in /home/ubuntu/workspace/php/main.php on line 9
[21-Sep-2018 20:05:47 UTC] PHP Stack trace:
[21-Sep-2018 20:05:47 UTC] PHP   1. {main}() /home/ubuntu/workspace/php/main.php:0
[21-Sep-2018 20:56:43 UTC] PHP Parse error:  syntax error, unexpected ':', expecting ']' in /home/ubuntu/workspace/php/main.php on line 28
[24-Sep-2018 18:31:12 UTC] PHP Fatal error:  Call to a member function fetchAll() on a non-object in /home/ubuntu/workspace/php/records.php on line 16
[24-Sep-2018 18:31:12 UTC] PHP Stack trace:
[24-Sep-2018 18:31:12 UTC] PHP   1. {main}() /home/ubuntu/workspace/php/records.php:0
[24-Sep-2018 18:31:12 UTC] PHP Fatal error:  Call to a member function fetchAll() on a non-object in /home/ubuntu/workspace/php/records.php on line 16
[24-Sep-2018 18:31:12 UTC] PHP Stack trace:
[24-Sep-2018 18:31:12 UTC] PHP   1. {main}() /home/ubuntu/workspace/php/records.php:0
[24-Sep-2018 18:32:12 UTC] PHP Fatal error:  Call to a member function fetchAll() on a non-object in /home/ubuntu/workspace/php/records.php on line 16
[24-Sep-2018 18:32:12 UTC] PHP Stack trace:
[24-Sep-2018 18:32:12 UTC] PHP   1. {main}() /home/ubuntu/workspace/php/records.php:0
[24-Sep-2018 18:32:12 UTC] PHP Fatal error:  Call to a member function fetchAll() on a non-object in /home/ubuntu/workspace/php/records.php on line 16
[24-Sep-2018 18:32:12 UTC] PHP Stack trace:
[24-Sep-2018 18:32:12 UTC] PHP   1. {main}() /home/ubuntu/workspace/php/records.php:0
[24-Sep-2018 18:33:01 UTC] PHP Fatal error:  Call to a member function fetchAll() on a non-object in /home/ubuntu/workspace/php/records.php on line 17
[24-Sep-2018 18:33:01 UTC] PHP Stack trace:
[24-Sep-2018 18:33:01 UTC] PHP   1. {main}() /home/ubuntu/workspace/php/records.php:0
[24-Sep-2018 18:33:02 UTC] PHP Fatal error:  Call to a member function fetchAll() on a non-object in /home/ubuntu/workspace/php/records.php on line 17
[24-Sep-2018 18:33:02 UTC] PHP Stack trace:
[24-Sep-2018 18:33:02 UTC] PHP   1. {main}() /home/ubuntu/workspace/php/records.php:0
[24-Sep-2018 18:36:06 UTC] PHP Parse error:  syntax error, unexpected '$numOfRecord' (T_VARIABLE) in /home/ubuntu/workspace/php/records.php on line 15
[24-Sep-2018 18:36:07 UTC] PHP Parse error:  syntax error, unexpected '$numOfRecord' (T_VARIABLE) in /home/ubuntu/workspace/php/records.php on line 15
[24-Sep-2018 21:15:59 UTC] PHP Fatal error:  Call to a member function fetch() on a non-object in /home/ubuntu/workspace/php/main.php on line 71
[24-Sep-2018 21:15:59 UTC] PHP Stack trace:
[24-Sep-2018 21:15:59 UTC] PHP   1. {main}() /home/ubuntu/workspace/php/main.php:0
[24-Sep-2018 21:17:58 UTC] PHP Fatal error:  Call to a member function fetch() on a non-object in /home/ubuntu/workspace/php/main.php on line 71
[24-Sep-2018 21:17:58 UTC] PHP Stack trace:
[24-Sep-2018 21:17:58 UTC] PHP   1. {main}() /home/ubuntu/workspace/php/main.php:0
[27-Sep-2018 17:37:55 UTC] PHP Parse error:  syntax error, unexpected '"' in /home/ubuntu/workspace/php/addUser.php on line 23
[29-Sep-2018 05:01:14 UTC] PHP Fatal error:  Call to a member function fetch() on a non-object in /home/ubuntu/workspace/php/addUser.php on line 22
[29-Sep-2018 05:01:14 UTC] PHP Stack trace:
[29-Sep-2018 05:01:14 UTC] PHP   1. {main}() /home/ubuntu/workspace/php/addUser.php:0
[29-Sep-2018 05:13:57 UTC] PHP Fatal error:  Call to a member function fetch() on a non-object in /home/ubuntu/workspace/php/addUser.php on line 22
[29-Sep-2018 05:13:57 UTC] PHP Stack trace:
[29-Sep-2018 05:13:57 UTC] PHP   1. {main}() /home/ubuntu/workspace/php/addUser.php:0
[29-Sep-2018 05:13:59 UTC] PHP Fatal error:  Call to a member function fetch() on a non-object in /home/ubuntu/workspace/php/addUser.php on line 22
[29-Sep-2018 05:13:59 UTC] PHP Stack trace:
[29-Sep-2018 05:13:59 UTC] PHP   1. {main}() /home/ubuntu/workspace/php/addUser.php:0
[29-Sep-2018 05:18:05 UTC] PHP Fatal error:  Call to a member function fetch() on a non-object in /home/ubuntu/workspace/php/addUser.php on line 22
[29-Sep-2018 05:18:05 UTC] PHP Stack trace:
[29-Sep-2018 05:18:05 UTC] PHP   1. {main}() /home/ubuntu/workspace/php/addUser.php:0
[29-Sep-2018 05:18:15 UTC] PHP Fatal error:  Call to a member function fetch() on a non-object in /home/ubuntu/workspace/php/addUser.php on line 22
[29-Sep-2018 05:18:15 UTC] PHP Stack trace:
[29-Sep-2018 05:18:15 UTC] PHP   1. {main}() /home/ubuntu/workspace/php/addUser.php:0
